[2021-01-29T19:10:31.295725+00:00] Dev.WARNING: coactive-machine.000webhostapp.com/time-entry-updated [] []
[2021-01-29T19:10:31.312493+00:00] Dev.WARNING: coactive-machine.000webhostapp.com/my-time-entry-updated [] []
[2021-01-29T19:10:57.271588+00:00] Dev.WARNING: coactive-machine.000webhostapp.com/my-time-entry-updated [] []
[2021-01-29T19:10:57.272219+00:00] Dev.WARNING: coactive-machine.000webhostapp.com/time-entry-updated [] []
[2021-01-29T19:11:41.275931+00:00] Dev.WARNING: coactive-machine.000webhostapp.com/time-entry-updated [] []
[2021-01-29T19:11:41.287337+00:00] Dev.WARNING: coactive-machine.000webhostapp.com/my-time-entry-updated [] []
[2021-01-29T19:12:46.207160+00:00] Dev.WARNING: coactive-machine.000webhostapp.com/ [] []
[2021-01-29T19:12:58.092489+00:00] Dev.WARNING: coactive-machine.000webhostapp.com/my-time-entry-updated [] []
[2021-01-29T19:12:58.093263+00:00] Dev.WARNING: coactive-machine.000webhostapp.com/time-entry-updated [] []
[2021-01-29T19:13:02.024767+00:00] Dev.WARNING: coactive-machine.000webhostapp.com/time-entry-updated [] []
[2021-01-29T19:13:02.027478+00:00] Dev.WARNING: coactive-machine.000webhostapp.com/my-time-entry-updated [] []
[2021-01-29T19:13:09.237973+00:00] Dev.WARNING: coactive-machine.000webhostapp.com/time-entry-updated [] []
[2021-01-29T19:13:09.245169+00:00] Dev.WARNING: coactive-machine.000webhostapp.com/my-time-entry-updated [] []
[2021-01-29T19:14:03.811597+00:00] Dev.WARNING: coactive-machine.000webhostapp.com/my-time-entry-updated [] []
[2021-01-29T19:14:03.816074+00:00] Dev.WARNING: coactive-machine.000webhostapp.com/time-entry-updated [] []
[2021-01-30T05:47:21.241287+00:00] Dev.WARNING: coactive-machine.000webhostapp.com/favicon.ico [] []
[2021-01-30T05:51:07.210248+00:00] Dev.WARNING: coactive-machine.000webhostapp.com/my-time-entry-updated [] []
[2021-01-30T05:51:07.210529+00:00] Dev.WARNING: coactive-machine.000webhostapp.com/time-entry-updated [] []
[2021-01-30T05:52:04.330504+00:00] Dev.WARNING: coactive-machine.000webhostapp.com/time-entry-updated [] []
[2021-01-30T05:52:04.343658+00:00] Dev.WARNING: coactive-machine.000webhostapp.com/my-time-entry-updated [] []
[2021-01-30T05:53:33.755240+00:00] Dev.WARNING: coactive-machine.000webhostapp.com/my-time-entry-updated [] []
[2021-01-30T05:54:03.078104+00:00] Dev.WARNING: coactive-machine.000webhostapp.com/my-time-entry-updated [] []
[2021-01-30T05:54:42.690338+00:00] Dev.WARNING: coactive-machine.000webhostapp.com/my-time-entry-updated [] []
[2021-01-30T05:54:48.664621+00:00] Dev.WARNING: coactive-machine.000webhostapp.com/my-time-entry-updated [] []
[2021-01-30T06:00:09.117476+00:00] Dev.WARNING: coactive-machine.000webhostapp.com/time-entry-updated [] []
[2021-01-30T06:00:09.125106+00:00] Dev.WARNING: coactive-machine.000webhostapp.com/my-time-entry-updated [] []
[2021-01-30T06:01:57.906626+00:00] Dev.WARNING: coactive-machine.000webhostapp.com/time-entry-updated [] []
[2021-01-30T06:01:57.935729+00:00] Dev.WARNING: coactive-machine.000webhostapp.com/my-time-entry-updated [] []
[2021-01-30T06:06:32.804472+00:00] Dev.WARNING: coactive-machine.000webhostapp.com/time-entry-updated [] []
[2021-01-30T06:06:32.818817+00:00] Dev.WARNING: coactive-machine.000webhostapp.com/my-time-entry-updated [] []
[2021-01-30T07:55:35.985295+00:00] Dev.WARNING: Error: Class 'JDecool\Clockify\Webhook\TimeEntry\DB' not found in /storage/ssd4/775/11448775/public_html/src/Webhook/TimeEntry/RemoveTimeEntry.php:22 Stack trace: #0 /storage/ssd4/775/11448775/public_html/src/Webhook/TimeEntry/RemoveTimeEntry.php(15): JDecool\Clockify\Webhook\TimeEntry\RemoveTimeEntry->deleteTimeEntryTagIds() #1 /storage/ssd4/775/11448775/public_html/index.php(67): JDecool\Clockify\Webhook\TimeEntry\RemoveTimeEntry->__construct() #2 {main} [] []
[2021-01-30T07:55:35.986368+00:00] Dev.WARNING: Error: Class 'JDecool\Clockify\Webhook\TimeEntry\DB' not found in /storage/ssd4/775/11448775/public_html/src/Webhook/TimeEntry/RemoveTimeEntry.php:22 Stack trace: #0 /storage/ssd4/775/11448775/public_html/src/Webhook/TimeEntry/RemoveTimeEntry.php(15): JDecool\Clockify\Webhook\TimeEntry\RemoveTimeEntry->deleteTimeEntryTagIds() #1 /storage/ssd4/775/11448775/public_html/index.php(76): JDecool\Clockify\Webhook\TimeEntry\RemoveTimeEntry->__construct() #2 {main} [] []
